<?xml version="1.0" encoding="utf-8"?>
<coverage line-rate="0.7944" branch-rate="0.6914" version="1.9" timestamp="1617061048" lines-covered="1542" lines-valid="1941" branches-covered="511" branches-valid="739">
  <sources>
    <source>C:\Users\fkinz\source\repos\FolkerKinzel.CsvTools\FolkerKinzel.CsvTools\</source>
  </sources>
  <packages>
    <package name="FolkerKinzel.CsvTools" line-rate="0.7944" branch-rate="0.6914" complexity="829">
      <classes>
        <class name="FolkerKinzel.CsvTools.CsvReader" filename="CsvReader.cs" line-rate="0.6184000000000001" branch-rate="0.39280000000000004" complexity="31">
          <methods>
            <method name="Read" signature="()" line-rate="1" branch-rate="1" complexity="2">
              <lines>
                <line number="120" hits="7" branch="False" />
                <line number="121" hits="7" branch="True" condition-coverage="100% (2/2)">
                  <conditions>
                    <condition number="12" type="jump" coverage="100%" />
                  </conditions>
                </line>
                <line number="122" hits="1" branch="False" />
                <line number="123" hits="1" branch="False" />
                <line number="126" hits="6" branch="False" />
                <line number="128" hits="6" branch="False" />
                <line number="129" hits="6" branch="False" />
              </lines>
            </method>
            <method name="Dispose" signature="()" line-rate="1" branch-rate="1" complexity="1">
              <lines>
                <line number="135" hits="6" branch="False" />
              </lines>
            </method>
            <method name="ThrowInvalidOperationException" signature="()" line-rate="1" branch-rate="1" complexity="1">
              <lines>
                <line number="307" hits="1" branch="False" />
              </lines>
            </method>
            <method name="&lt;GetEnumerator&gt;g__Fill|8_0" signature="(FolkerKinzel.CsvTools.CsvRecord,System.Collections.Generic.IEnumerable`1&lt;System.String&gt;,FolkerKinzel.CsvTools.Intls.CsvStringReader)" line-rate="0.2926" branch-rate="0.2916" complexity="24">
              <lines>
                <line number="195" hits="5" branch="False" />
                <line number="196" hits="5" branch="False" />
                <line number="198" hits="221" branch="True" condition-coverage="100% (2/2)">
                  <conditions>
                    <condition number="182" type="jump" coverage="100%" />
                  </conditions>
                </line>
                <line number="199" hits="103" branch="False" />
                <line number="200" hits="103" branch="True" condition-coverage="50% (1/2)">
                  <conditions>
                    <condition number="38" type="jump" coverage="50%" />
                  </conditions>
                </line>
                <line number="201" hits="0" branch="False" />
                <line number="202" hits="0" branch="True" condition-coverage="0% (0/2)">
                  <conditions>
                    <condition number="56" type="jump" coverage="0%" />
                  </conditions>
                </line>
                <line number="203" hits="0" branch="False" />
                <line number="204" hits="0" branch="False" />
                <line number="207" hits="0" branch="False" />
                <line number="208" hits="0" branch="False" />
                <line number="212" hits="103" branch="True" condition-coverage="75% (3/4)">
                  <conditions>
                    <condition number="89" type="jump" coverage="100%" />
                    <condition number="111" type="jump" coverage="50%" />
                  </conditions>
                </line>
                <line number="213" hits="0" branch="False" />
                <line number="214" hits="0" branch="False" />
                <line number="216" hits="0" branch="True" condition-coverage="0% (0/2)">
                  <conditions>
                    <condition number="136" type="jump" coverage="0%" />
                  </conditions>
                </line>
                <line number="217" hits="0" branch="False" />
                <line number="218" hits="0" branch="False" />
                <line number="219" hits="0" branch="False" />
                <line number="221" hits="0" branch="False" />
                <line number="222" hits="0" branch="False" />
                <line number="224" hits="103" branch="False" />
                <line number="225" hits="103" branch="False" />
                <line number="226" hits="103" branch="False" />
                <line number="227" hits="103" branch="False" />
                <line number="230" hits="5" branch="True" condition-coverage="50% (1/2)">
                  <conditions>
                    <condition number="213" type="jump" coverage="50%" />
                  </conditions>
                </line>
                <line number="231" hits="0" branch="False" />
                <line number="232" hits="0" branch="True" condition-coverage="0% (0/4)">
                  <conditions>
                    <condition number="220" type="jump" coverage="0%" />
                    <condition number="240" type="jump" coverage="0%" />
                  </conditions>
                </line>
                <line number="233" hits="0" branch="False" />
                <line number="234" hits="0" branch="False" />
                <line number="237" hits="0" branch="True" condition-coverage="0% (0/2)">
                  <conditions>
                    <condition number="276" type="jump" coverage="0%" />
                  </conditions>
                </line>
                <line number="238" hits="0" branch="False" />
                <line number="239" hits="0" branch="False" />
                <line number="242" hits="0" branch="True" condition-coverage="0% (0/2)">
                  <conditions>
                    <condition number="319" type="jump" coverage="0%" />
                  </conditions>
                </line>
                <line number="243" hits="0" branch="False" />
                <line number="244" hits="0" branch="True" condition-coverage="0% (0/2)">
                  <conditions>
                    <condition number="359" type="jump" coverage="0%" />
                  </conditions>
                </line>
                <line number="245" hits="0" branch="False" />
                <line number="246" hits="0" branch="False" />
                <line number="247" hits="0" branch="False" />
                <line number="248" hits="0" branch="False" />
                <line number="249" hits="0" branch="False" />
                <line number="250" hits="5" branch="False" />
              </lines>
            </method>
            <method name=".ctor" signature="(System.String,System.Boolean,FolkerKinzel.CsvTools.CsvOptions,System.Char,System.Text.Encoding)" line-rate="1" branch-rate="1" complexity="1">
              <lines>
                <line number="46" hits="9" branch="False" />
                <line number="61" hits="5" branch="False" />
                <line number="62" hits="5" branch="False" />
                <line number="63" hits="5" branch="False" />
                <line number="64" hits="5" branch="False" />
                <line number="65" hits="5" branch="False" />
                <line number="66" hits="5" branch="False" />
                <line number="67" hits="5" branch="False" />
                <line number="68" hits="5" branch="False" />
                <line number="70" hits="3" branch="False" />
                <line number="71" hits="3" branch="False" />
                <line number="72" hits="3" branch="False" />
                <line number="73" hits="3" branch="False" />
              </lines>
            </method>
            <method name=".ctor" signature="(System.IO.TextReader,System.Boolean,FolkerKinzel.CsvTools.CsvOptions,System.Char)" line-rate="1" branch-rate="1" complexity="2">
              <lines>
                <line number="84" hits="4" branch="False" />
                <line number="85" hits="4" branch="False" />
                <line number="86" hits="4" branch="False" />
                <line number="87" hits="4" branch="False" />
                <line number="88" hits="4" branch="False" />
                <line number="89" hits="4" branch="False" />
                <line number="90" hits="4" branch="True" condition-coverage="100% (2/2)">
                  <conditions>
                    <condition number="21" type="jump" coverage="100%" />
                  </conditions>
                </line>
                <line number="91" hits="1" branch="False" />
                <line number="92" hits="1" branch="False" />
                <line number="95" hits="3" branch="False" />
                <line number="96" hits="3" branch="False" />
                <line number="97" hits="3" branch="False" />
                <line number="98" hits="3" branch="False" />
              </lines>
            </method>
          </methods>
          <lines>
            <line number="120" hits="7" branch="False" />
            <line number="121" hits="7" branch="True" condition-coverage="100% (2/2)">
              <conditions>
                <condition number="12" type="jump" coverage="100%" />
              </conditions>
            </line>
            <line number="122" hits="1" branch="False" />
            <line number="123" hits="1" branch="False" />
            <line number="126" hits="6" branch="False" />
            <line number="128" hits="6" branch="False" />
            <line number="129" hits="6" branch="False" />
            <line number="135" hits="6" branch="False" />
            <line number="307" hits="1" branch="False" />
            <line number="195" hits="5" branch="False" />
            <line number="196" hits="5" branch="False" />
            <line number="198" hits="221" branch="True" condition-coverage="100% (2/2)">
              <conditions>
                <condition number="182" type="jump" coverage="100%" />
              </conditions>
            </line>
            <line number="199" hits="103" branch="False" />
            <line number="200" hits="103" branch="True" condition-coverage="50% (1/2)">
              <conditions>
                <condition number="38" type="jump" coverage="50%" />
              </conditions>
            </line>
            <line number="201" hits="0" branch="False" />
            <line number="202" hits="0" branch="True" condition-coverage="0% (0/2)">
              <conditions>
                <condition number="56" type="jump" coverage="0%" />
              </conditions>
            </line>
            <line number="203" hits="0" branch="False" />
            <line number="204" hits="0" branch="False" />
            <line number="207" hits="0" branch="False" />
            <line number="208" hits="0" branch="False" />
            <line number="212" hits="103" branch="True" condition-coverage="75% (3/4)">
              <conditions>
                <condition number="89" type="jump" coverage="100%" />
                <condition number="111" type="jump" coverage="50%" />
              </conditions>
            </line>
            <line number="213" hits="0" branch="False" />
            <line number="214" hits="0" branch="False" />
            <line number="216" hits="0" branch="True" condition-coverage="0% (0/2)">
              <conditions>
                <condition number="136" type="jump" coverage="0%" />
              </conditions>
            </line>
            <line number="217" hits="0" branch="False" />
            <line number="218" hits="0" branch="False" />
            <line number="219" hits="0" branch="False" />
            <line number="221" hits="0" branch="False" />
            <line number="222" hits="0" branch="False" />
            <line number="224" hits="103" branch="False" />
            <line number="225" hits="103" branch="False" />
            <line number="226" hits="103" branch="False" />
            <line number="227" hits="103" branch="False" />
            <line number="230" hits="5" branch="True" condition-coverage="50% (1/2)">
              <conditions>
                <condition number="213" type="jump" coverage="50%" />
              </conditions>
            </line>
            <line number="231" hits="0" branch="False" />
            <line number="232" hits="0" branch="True" condition-coverage="0% (0/4)">
              <conditions>
                <condition number="220" type="jump" coverage="0%" />
                <condition number="240" type="jump" coverage="0%" />
              </conditions>
            </line>
            <line number="233" hits="0" branch="False" />
            <line number="234" hits="0" branch="False" />
            <line number="237" hits="0" branch="True" condition-coverage="0% (0/2)">
              <conditions>
                <condition number="276" type="jump" coverage="0%" />
              </conditions>
            </line>
            <line number="238" hits="0" branch="False" />
            <line number="239" hits="0" branch="False" />
            <line number="242" hits="0" branch="True" condition-coverage="0% (0/2)">
              <conditions>
                <condition number="319" type="jump" coverage="0%" />
              </conditions>
            </line>
            <line number="243" hits="0" branch="False" />
            <line number="244" hits="0" branch="True" condition-coverage="0% (0/2)">
              <conditions>
                <condition number="359" type="jump" coverage="0%" />
              </conditions>
            </line>
            <line number="245" hits="0" branch="False" />
            <line number="246" hits="0" branch="False" />
            <line number="247" hits="0" branch="False" />
            <line number="248" hits="0" branch="False" />
            <line number="249" hits="0" branch="False" />
            <line number="250" hits="5" branch="False" />
            <line number="46" hits="9" branch="False" />
            <line number="61" hits="5" branch="False" />
            <line number="62" hits="5" branch="False" />
            <line number="63" hits="5" branch="False" />
            <line number="64" hits="5" branch="False" />
            <line number="65" hits="5" branch="False" />
            <line number="66" hits="5" branch="False" />
            <line number="67" hits="5" branch="False" />
            <line number="68" hits="5" branch="False" />
            <line number="70" hits="3" branch="False" />
            <line number="71" hits="3" branch="False" />
            <line number="72" hits="3" branch="False" />
            <line number="73" hits="3" branch="False" />
            <line number="84" hits="4" branch="False" />
            <line number="85" hits="4" branch="False" />
            <line number="86" hits="4" branch="False" />
            <line number="87" hits="4" branch="False" />
            <line number="88" hits="4" branch="False" />
            <line number="89" hits="4" branch="False" />
            <line number="90" hits="4" branch="True" condition-coverage="100% (2/2)">
              <conditions>
                <condition number="21" type="jump" coverage="100%" />
              </conditions>
            </line>
            <line number="91" hits="1" branch="False" />
            <line number="92" hits="1" branch="False" />
            <line number="95" hits="3" branch="False" />
            <line number="96" hits="3" branch="False" />
            <line number="97" hits="3" branch="False" />
            <line number="98" hits="3" branch="False" />
          </lines>
        </class>
        <class name="FolkerKinzel.CsvTools.CsvReader/&lt;GetEnumerator&gt;d__8" filename="CsvReader.cs" line-rate="0.8684000000000001" branch-rate="0.6666" complexity="12">
          <methods>
            <method name="MoveNext" signature="()" line-rate="0.8684000000000001" branch-rate="0.6666" complexity="12">
              <lines>
                <line number="143" hits="5" branch="False" />
                <line number="144" hits="5" branch="False" />
                <line number="145" hits="5" branch="False" />
                <line number="147" hits="26" branch="True" condition-coverage="100% (2/2)">
                  <conditions>
                    <condition number="504" type="jump" coverage="100%" />
                  </conditions>
                </line>
                <line number="148" hits="7" branch="False" />
                <line number="149" hits="7" branch="True" condition-coverage="100% (2/2)">
                  <conditions>
                    <condition number="119" type="jump" coverage="100%" />
                  </conditions>
                </line>
                <line number="150" hits="4" branch="False" />
                <line number="151" hits="4" branch="False" />
                <line number="153" hits="4" branch="True" condition-coverage="100% (2/2)">
                  <conditions>
                    <condition number="160" type="jump" coverage="100%" />
                  </conditions>
                </line>
                <line number="154" hits="2" branch="False" />
                <line number="155" hits="2" branch="False" />
                <line number="156" hits="2" branch="False" />
                <line number="157" hits="2" branch="False" />
                <line number="158" hits="2" branch="False" />
                <line number="159" hits="2" branch="False" />
                <line number="162" hits="2" branch="False" />
                <line number="163" hits="2" branch="False" />
                <line number="165" hits="2" branch="True" condition-coverage="50% (1/2)">
                  <conditions>
                    <condition number="248" type="jump" coverage="50%" />
                  </conditions>
                </line>
                <line number="166" hits="0" branch="False" />
                <line number="167" hits="0" branch="False" />
                <line number="170" hits="2" branch="False" />
                <line number="171" hits="2" branch="False" />
                <line number="172" hits="2" branch="False" />
                <line number="173" hits="2" branch="False" />
                <line number="174" hits="2" branch="False" />
                <line number="176" hits="3" branch="False" />
                <line number="177" hits="3" branch="True" condition-coverage="50% (1/2)">
                  <conditions>
                    <condition number="368" type="jump" coverage="50%" />
                  </conditions>
                </line>
                <line number="178" hits="0" branch="False" />
                <line number="179" hits="0" branch="True" condition-coverage="0% (0/2)">
                  <conditions>
                    <condition number="377" type="jump" coverage="0%" />
                  </conditions>
                </line>
                <line number="180" hits="0" branch="False" />
                <line number="182" hits="3" branch="False" />
                <line number="183" hits="3" branch="False" />
                <line number="184" hits="3" branch="False" />
                <line number="186" hits="3" branch="False" />
                <line number="187" hits="3" branch="False" />
                <line number="189" hits="5" branch="False" />
                <line number="190" hits="2" branch="False" />
                <line number="252" hits="1" branch="False" />
              </lines>
            </method>
          </methods>
          <lines>
            <line number="143" hits="5" branch="False" />
            <line number="144" hits="5" branch="False" />
            <line number="145" hits="5" branch="False" />
            <line number="147" hits="26" branch="True" condition-coverage="100% (2/2)">
              <conditions>
                <condition number="504" type="jump" coverage="100%" />
              </conditions>
            </line>
            <line number="148" hits="7" branch="False" />
            <line number="149" hits="7" branch="True" condition-coverage="100% (2/2)">
              <conditions>
                <condition number="119" type="jump" coverage="100%" />
              </conditions>
            </line>
            <line number="150" hits="4" branch="False" />
            <line number="151" hits="4" branch="False" />
            <line number="153" hits="4" branch="True" condition-coverage="100% (2/2)">
              <conditions>
                <condition number="160" type="jump" coverage="100%" />
              </conditions>
            </line>
            <line number="154" hits="2" branch="False" />
            <line number="155" hits="2" branch="False" />
            <line number="156" hits="2" branch="False" />
            <line number="157" hits="2" branch="False" />
            <line number="158" hits="2" branch="False" />
            <line number="159" hits="2" branch="False" />
            <line number="162" hits="2" branch="False" />
            <line number="163" hits="2" branch="False" />
            <line number="165" hits="2" branch="True" condition-coverage="50% (1/2)">
              <conditions>
                <condition number="248" type="jump" coverage="50%" />
              </conditions>
            </line>
            <line number="166" hits="0" branch="False" />
            <line number="167" hits="0" branch="False" />
            <line number="170" hits="2" branch="False" />
            <line number="171" hits="2" branch="False" />
            <line number="172" hits="2" branch="False" />
            <line number="173" hits="2" branch="False" />
            <line number="174" hits="2" branch="False" />
            <line number="176" hits="3" branch="False" />
            <line number="177" hits="3" branch="True" condition-coverage="50% (1/2)">
              <conditions>
                <condition number="368" type="jump" coverage="50%" />
              </conditions>
            </line>
            <line number="178" hits="0" branch="False" />
            <line number="179" hits="0" branch="True" condition-coverage="0% (0/2)">
              <conditions>
                <condition number="377" type="jump" coverage="0%" />
              </conditions>
            </line>
            <line number="180" hits="0" branch="False" />
            <line number="182" hits="3" branch="False" />
            <line number="183" hits="3" branch="False" />
            <line number="184" hits="3" branch="False" />
            <line number="186" hits="3" branch="False" />
            <line number="187" hits="3" branch="False" />
            <line number="189" hits="5" branch="False" />
            <line number="190" hits="2" branch="False" />
            <line number="252" hits="1" branch="False" />
          </lines>
        </class>
        <class name="FolkerKinzel.CsvTools.CsvRecord" filename="CsvRecord.cs" line-rate="0.8095" branch-rate="0.7585999999999999" complexity="71">
          <methods>
            <method name="get_Item" signature="(System.Int32)" line-rate="1" branch-rate="1" complexity="1">
              <lines>
                <line number="204" hits="10" branch="False" />
              </lines>
            </method>
            <method name="set_Item" signature="(System.Int32,System.String)" line-rate="1" branch-rate="1" complexity="1">
              <lines>
                <line number="205" hits="121" branch="False" />
              </lines>
            </method>
            <method name="get_Item" signature="(System.String)" line-rate="1" branch-rate="1" complexity="1">
              <lines>
                <line number="217" hits="26" branch="False" />
              </lines>
            </method>
            <method name="set_Item" signature="(System.String,System.String)" line-rate="1" branch-rate="1" complexity="1">
              <lines>
                <line number="218" hits="16" branch="False" />
              </lines>
            </method>
            <method name="get_Count" signature="()" line-rate="1" branch-rate="1" complexity="1">
              <lines>
                <line number="225" hits="250" branch="False" />
              </lines>
            </method>
            <method name="get_IsEmpty" signature="()" line-rate="0" branch-rate="0" complexity="2">
              <lines>
                <line number="231" hits="0" branch="True" condition-coverage="0% (0/2)">
                  <conditions>
                    <condition number="6" type="jump" coverage="0%" />
                  </conditions>
                </line>
              </lines>
            </method>
            <method name="get_ColumnNames" signature="()" line-rate="1" branch-rate="1" complexity="1">
              <lines>
                <line number="239" hits="119" branch="False" />
              </lines>
            </method>
            <method name="get_Values" signature="()" line-rate="1" branch-rate="1" complexity="1">
              <lines>
                <line number="247" hits="105" branch="False" />
              </lines>
            </method>
            <method name="ToDictionary" signature="()" line-rate="1" branch-rate="1" complexity="1">
              <lines>
                <line number="257" hits="5" branch="False" />
                <line number="268" hits="5" branch="False" />
                <line number="270" hits="5" branch="False" />
              </lines>
            </method>
            <method name="get_Identifier" signature="()" line-rate="1" branch-rate="1" complexity="1">
              <lines>
                <line number="280" hits="30" branch="False" />
              </lines>
            </method>
            <method name="get_Comparer" signature="()" line-rate="1" branch-rate="1" complexity="1">
              <lines>
                <line number="286" hits="10" branch="False" />
              </lines>
            </method>
            <method name="Clear" signature="()" line-rate="1" branch-rate="1" complexity="1">
              <lines>
                <line number="293" hits="1" branch="False" />
              </lines>
            </method>
            <method name="TryGetValue" signature="(System.String,System.String&amp;)" line-rate="1" branch-rate="1" complexity="4">
              <lines>
                <line number="307" hits="4" branch="False" />
                <line number="308" hits="4" branch="True" condition-coverage="100% (2/2)">
                  <conditions>
                    <condition number="7" type="jump" coverage="100%" />
                  </conditions>
                </line>
                <line number="309" hits="1" branch="False" />
                <line number="310" hits="1" branch="False" />
                <line number="313" hits="3" branch="True" condition-coverage="100% (2/2)">
                  <conditions>
                    <condition number="33" type="jump" coverage="100%" />
                  </conditions>
                </line>
                <line number="314" hits="2" branch="False" />
                <line number="315" hits="2" branch="False" />
                <line number="316" hits="2" branch="False" />
                <line number="319" hits="1" branch="False" />
                <line number="320" hits="1" branch="False" />
                <line number="321" hits="1" branch="False" />
                <line number="323" hits="3" branch="False" />
              </lines>
            </method>
            <method name="TryGetValue" signature="(System.Int32,System.String&amp;)" line-rate="1" branch-rate="1" complexity="4">
              <lines>
                <line number="335" hits="5" branch="False" />
                <line number="336" hits="5" branch="True" condition-coverage="100% (4/4)">
                  <conditions>
                    <condition number="3" type="jump" coverage="100%" />
                    <condition number="19" type="jump" coverage="100%" />
                  </conditions>
                </line>
                <line number="337" hits="2" branch="False" />
                <line number="338" hits="2" branch="False" />
                <line number="339" hits="2" branch="False" />
                <line number="342" hits="3" branch="False" />
                <line number="343" hits="3" branch="False" />
                <line number="344" hits="3" branch="False" />
                <line number="346" hits="5" branch="False" />
              </lines>
            </method>
            <method name="Fill" signature="(System.Collections.Generic.IEnumerable`1&lt;System.String&gt;)" line-rate="1" branch-rate="1" complexity="8">
              <lines>
                <line number="360" hits="5" branch="False" />
                <line number="361" hits="5" branch="True" condition-coverage="100% (2/2)">
                  <conditions>
                    <condition number="7" type="jump" coverage="100%" />
                  </conditions>
                </line>
                <line number="362" hits="1" branch="False" />
                <line number="363" hits="1" branch="False" />
                <line number="366" hits="4" branch="False" />
                <line number="368" hits="27" branch="True" condition-coverage="100% (2/2)">
                  <conditions>
                    <condition number="93" type="jump" coverage="100%" />
                  </conditions>
                </line>
                <line number="369" hits="8" branch="False" />
                <line number="370" hits="8" branch="True" condition-coverage="100% (2/2)">
                  <conditions>
                    <condition number="59" type="jump" coverage="100%" />
                  </conditions>
                </line>
                <line number="371" hits="1" branch="False" />
                <line number="372" hits="1" branch="False" />
                <line number="375" hits="7" branch="False" />
                <line number="376" hits="7" branch="False" />
                <line number="378" hits="8" branch="True" condition-coverage="100% (2/2)">
                  <conditions>
                    <condition number="147" type="jump" coverage="100%" />
                  </conditions>
                </line>
                <line number="379" hits="1" branch="False" />
                <line number="380" hits="1" branch="False" />
                <line number="381" hits="1" branch="False" />
                <line number="382" hits="3" branch="False" />
              </lines>
            </method>
            <method name="ContainsColumn" signature="(System.String)" line-rate="1" branch-rate="1" complexity="2">
              <lines>
                <line number="392" hits="4" branch="False" />
                <line number="393" hits="4" branch="True" condition-coverage="100% (2/2)">
                  <conditions>
                    <condition number="2" type="jump" coverage="100%" />
                  </conditions>
                </line>
                <line number="394" hits="4" branch="False" />
                <line number="395" hits="4" branch="False" />
                <line number="396" hits="3" branch="False" />
              </lines>
            </method>
            <method name="IndexOfColumn" signature="(System.String)" line-rate="1" branch-rate="1" complexity="4">
              <lines>
                <line number="406" hits="4" branch="True" condition-coverage="100% (4/4)">
                  <conditions>
                    <condition number="1" type="jump" coverage="100%" />
                    <condition number="17" type="jump" coverage="100%" />
                  </conditions>
                </line>
              </lines>
            </method>
            <method name="System.Collections.IEnumerable.GetEnumerator" signature="()" line-rate="0" branch-rate="1" complexity="1">
              <lines>
                <line number="410" hits="0" branch="False" />
              </lines>
            </method>
            <method name="ToString" signature="()" line-rate="0.8665999999999999" branch-rate="0.6" complexity="10">
              <lines>
                <line number="432" hits="1" branch="False" />
                <line number="433" hits="1" branch="True" condition-coverage="50% (1/2)">
                  <conditions>
                    <condition number="12" type="jump" coverage="50%" />
                  </conditions>
                </line>
                <line number="434" hits="0" branch="False" />
                <line number="435" hits="0" branch="True" condition-coverage="0% (0/2)">
                  <conditions>
                    <condition number="22" type="jump" coverage="0%" />
                  </conditions>
                </line>
                <line number="438" hits="1" branch="False" />
                <line number="440" hits="7" branch="True" condition-coverage="100% (2/2)">
                  <conditions>
                    <condition number="124" type="jump" coverage="100%" />
                  </conditions>
                </line>
                <line number="441" hits="2" branch="False" />
                <line number="442" hits="2" branch="True" condition-coverage="50% (1/2)">
                  <conditions>
                    <condition number="93" type="jump" coverage="50%" />
                  </conditions>
                </line>
                <line number="443" hits="2" branch="False" />
                <line number="445" hits="1" branch="True" condition-coverage="100% (2/2)">
                  <conditions>
                    <condition number="155" type="jump" coverage="100%" />
                  </conditions>
                </line>
                <line number="446" hits="1" branch="False" />
                <line number="447" hits="1" branch="False" />
                <line number="448" hits="1" branch="False" />
                <line number="450" hits="1" branch="False" />
                <line number="451" hits="1" branch="False" />
              </lines>
            </method>
            <method name="&lt;.ctor&gt;g__GetDefaultName|5_0" signature="(FolkerKinzel.CsvTools.CsvRecord/&lt;&gt;c__DisplayClass5_0&amp;)" line-rate="0" branch-rate="0" complexity="2">
              <lines>
                <line number="163" hits="0" branch="False" />
                <line number="167" hits="0" branch="False" />
                <line number="168" hits="0" branch="False" />
                <line number="169" hits="0" branch="True" condition-coverage="0% (0/2)">
                  <conditions>
                    <condition number="40" type="jump" coverage="0%" />
                  </conditions>
                </line>
                <line number="171" hits="0" branch="False" />
                <line number="172" hits="0" branch="False" />
              </lines>
            </method>
            <method name="&lt;.ctor&gt;g__MakeUnique|5_1" signature="(System.String)" line-rate="0" branch-rate="0" complexity="2">
              <lines>
                <line number="177" hits="0" branch="False" />
                <line number="179" hits="0" branch="False" />
                <line number="182" hits="0" branch="False" />
                <line number="183" hits="0" branch="False" />
                <line number="184" hits="0" branch="True" condition-coverage="0% (0/2)">
                  <conditions>
                    <condition number="44" type="jump" coverage="0%" />
                  </conditions>
                </line>
                <line number="186" hits="0" branch="False" />
                <line number="187" hits="0" branch="False" />
              </lines>
            </method>
            <method name=".ctor" signature="(FolkerKinzel.CsvTools.CsvRecord)" line-rate="1" branch-rate="1" complexity="1">
              <lines>
                <line number="33" hits="39" branch="False" />
                <line number="52" hits="5" branch="False" />
                <line number="53" hits="5" branch="False" />
                <line number="54" hits="5" branch="False" />
                <line number="55" hits="5" branch="False" />
                <line number="56" hits="5" branch="False" />
                <line number="57" hits="5" branch="False" />
              </lines>
            </method>
            <method name=".ctor" signature="(System.Int32,System.Boolean,System.Boolean)" line-rate="1" branch-rate="1" complexity="6">
              <lines>
                <line number="68" hits="18" branch="False" />
                <line number="69" hits="18" branch="False" />
                <line number="70" hits="18" branch="True" condition-coverage="100% (2/2)">
                  <conditions>
                    <condition number="20" type="jump" coverage="100%" />
                  </conditions>
                </line>
                <line number="71" hits="18" branch="False" />
                <line number="72" hits="18" branch="False" />
                <line number="74" hits="18" branch="False" />
                <line number="77" hits="18" branch="False" />
                <line number="80" hits="98" branch="True" condition-coverage="100% (2/2)">
                  <conditions>
                    <condition number="98" type="jump" coverage="100%" />
                  </conditions>
                </line>
                <line number="81" hits="31" branch="False" />
                <line number="82" hits="31" branch="False" />
                <line number="84" hits="31" branch="False" />
                <line number="85" hits="31" branch="False" />
                <line number="86" hits="31" branch="False" />
                <line number="88" hits="18" branch="False" />
                <line number="90" hits="18" branch="True" condition-coverage="100% (2/2)">
                  <conditions>
                    <condition number="117" type="jump" coverage="100%" />
                  </conditions>
                </line>
                <line number="91" hits="16" branch="False" />
                <line number="92" hits="16" branch="False" />
                <line number="93" hits="16" branch="False" />
                <line number="94" hits="18" branch="False" />
              </lines>
            </method>
            <method name=".ctor" signature="(System.String[],System.Boolean,System.Boolean,System.Boolean,System.Boolean)" line-rate="0.6764" branch-rate="0.7142000000000001" complexity="14">
              <lines>
                <line number="112" hits="16" branch="False" />
                <line number="113" hits="16" branch="False" />
                <line number="114" hits="16" branch="False" />
                <line number="116" hits="16" branch="True" condition-coverage="50% (1/2)">
                  <conditions>
                    <condition number="30" type="jump" coverage="50%" />
                  </conditions>
                </line>
                <line number="117" hits="16" branch="False" />
                <line number="118" hits="16" branch="False" />
                <line number="120" hits="16" branch="False" />
                <line number="122" hits="16" branch="False" />
                <line number="124" hits="266" branch="True" condition-coverage="100% (2/2)">
                  <conditions>
                    <condition number="201" type="jump" coverage="100%" />
                  </conditions>
                </line>
                <line number="125" hits="119" branch="False" />
                <line number="126" hits="119" branch="False" />
                <line number="128" hits="119" branch="True" condition-coverage="50% (1/2)">
                  <conditions>
                    <condition number="85" type="jump" coverage="50%" />
                  </conditions>
                </line>
                <line number="129" hits="0" branch="False" />
                <line number="130" hits="0" branch="False" />
                <line number="131" hits="0" branch="False" />
                <line number="132" hits="0" branch="False" />
                <line number="133" hits="0" branch="False" />
                <line number="136" hits="119" branch="True" condition-coverage="50% (1/2)">
                  <conditions>
                    <condition number="122" type="jump" coverage="50%" />
                  </conditions>
                </line>
                <line number="137" hits="0" branch="False" />
                <line number="138" hits="0" branch="False" />
                <line number="139" hits="0" branch="False" />
                <line number="141" hits="119" branch="True" condition-coverage="75% (3/4)">
                  <conditions>
                    <condition number="135" type="jump" coverage="100%" />
                    <condition number="156" type="jump" coverage="50%" />
                  </conditions>
                </line>
                <line number="142" hits="0" branch="False" />
                <line number="143" hits="0" branch="False" />
                <line number="144" hits="0" branch="False" />
                <line number="146" hits="119" branch="False" />
                <line number="147" hits="117" branch="False" />
                <line number="149" hits="117" branch="False" />
                <line number="151" hits="14" branch="False" />
                <line number="153" hits="14" branch="True" condition-coverage="100% (2/2)">
                  <conditions>
                    <condition number="224" type="jump" coverage="100%" />
                  </conditions>
                </line>
                <line number="154" hits="12" branch="False" />
                <line number="155" hits="12" branch="False" />
                <line number="156" hits="12" branch="False" />
                <line number="189" hits="14" branch="False" />
              </lines>
            </method>
          </methods>
          <lines>
            <line number="204" hits="10" branch="False" />
            <line number="205" hits="121" branch="False" />
            <line number="217" hits="26" branch="False" />
            <line number="218" hits="16" branch="False" />
            <line number="225" hits="250" branch="False" />
            <line number="231" hits="0" branch="True" condition-coverage="0% (0/2)">
              <conditions>
                <condition number="6" type="jump" coverage="0%" />
              </conditions>
            </line>
            <line number="239" hits="119" branch="False" />
            <line number="247" hits="105" branch="False" />
            <line number="257" hits="5" branch="False" />
            <line number="268" hits="5" branch="False" />
            <line number="270" hits="5" branch="False" />
            <line number="280" hits="30" branch="False" />
            <line number="286" hits="10" branch="False" />
            <line number="293" hits="1" branch="False" />
            <line number="307" hits="4" branch="False" />
            <line number="308" hits="4" branch="True" condition-coverage="100% (2/2)">
              <conditions>
                <condition number="7" type="jump" coverage="100%" />
              </conditions>
            </line>
            <line number="309" hits="1" branch="False" />
            <line number="310" hits="1" branch="False" />
            <line number="313" hits="3" branch="True" condition-coverage="100% (2/2)">
              <conditions>
                <condition number="33" type="jump" coverage="100%" />
              </conditions>
            </line>
            <line number="314" hits="2" branch="False" />
            <line number="315" hits="2" branch="False" />
            <line number="316" hits="2" branch="False" />
            <line number="319" hits="1" branch="False" />
            <line number="320" hits="1" branch="False" />
            <line number="321" hits="1" branch="False" />
            <line number="323" hits="3" branch="False" />
            <line number="335" hits="5" branch="False" />
            <line number="336" hits="5" branch="True" condition-coverage="100% (4/4)">
              <conditions>
                <condition number="3" type="jump" coverage="100%" />
                <condition number="19" type="jump" coverage="100%" />
              </conditions>
            </line>
            <line number="337" hits="2" branch="False" />
            <line number="338" hits="2" branch="False" />
            <line number="339" hits="2" branch="False" />
            <line number="342" hits="3" branch="False" />
            <line number="343" hits="3" branch="False" />
            <line number="344" hits="3" branch="False" />
            <line number="346" hits="5" branch="False" />
            <line number="360" hits="5" branch="False" />
            <line number="361" hits="5" branch="True" condition-coverage="100% (2/2)">
              <conditions>
                <condition number="7" type="jump" coverage="100%" />
              </conditions>
            </line>
            <line number="362" hits="1" branch="False" />
            <line number="363" hits="1" branch="False" />
            <line number="366" hits="4" branch="False" />
            <line number="368" hits="27" branch="True" condition-coverage="100% (2/2)">
              <conditions>
                <condition number="93" type="jump" coverage="100%" />
              </conditions>
            </line>
            <line number="369" hits="8" branch="False" />
            <line number="370" hits="8" branch="True" condition-coverage="100% (2/2)">
              <conditions>
                <condition number="59" type="jump" coverage="100%" />
              </conditions>
            </line>
            <line number="371" hits="1" branch="False" />
            <line number="372" hits="1" branch="False" />
            <line number="375" hits="7" branch="False" />
            <line number="376" hits="7" branch="False" />
            <line number="378" hits="8" branch="True" condition-coverage="100% (2/2)">
              <conditions>
                <condition number="147" type="jump" coverage="100%" />
              </conditions>
            </line>
            <line number="379" hits="1" branch="False" />
            <line number="380" hits="1" branch="False" />
            <line number="381" hits="1" branch="False" />
            <line number="382" hits="3" branch="False" />
            <line number="392" hits="4" branch="False" />
            <line number="393" hits="4" branch="True" condition-coverage="100% (2/2)">
              <conditions>
                <condition number="2" type="jump" coverage="100%" />
              </conditions>
            </line>
            <line number="394" hits="4" branch="False" />
            <line number="395" hits="4" branch="False" />
            <line number="396" hits="3" branch="False" />
            <line number="406" hits="4" branch="True" condition-coverage="100% (4/4)">
              <conditions>
                <condition number="1" type="jump" coverage="100%" />
                <condition number="17" type="jump" coverage="100%" />
              </conditions>
            </line>
            <line number="410" hits="0" branch="False" />
            <line number="432" hits="1" branch="False" />
            <line number="433" hits="1" branch="True" condition-coverage="50% (1/2)">
              <conditions>
                <condition number="12" type="jump" coverage="50%" />
              </conditions>
            </line>
            <line number="434" hits="0" branch="False" />
            <line number="435" hits="0" branch="True" condition-coverage="0% (0/2)">
              <conditions>
                <condition number="22" type="jump" coverage="0%" />
              </conditions>
            </line>
            <line number="438" hits="1" branch="False" />
            <line number="440" hits="7" branch="True" condition-coverage="100% (2/2)">
              <conditions>
                <condition number="124" type="jump" coverage="100%" />
              </conditions>
            </line>
            <line number="441" hits="2" branch="False" />
            <line number="442" hits="2" branch="True" condition-coverage="50% (1/2)">
              <conditions>
                <condition number="93" type="jump" coverage="50%" />
              </conditions>
            </line>
            <line number="443" hits="2" branch="False" />
            <line number="445" hits="1" branch="True" condition-coverage="100% (2/2)">
              <conditions>
                <condition number="155" type="jump" coverage="100%" />
              </conditions>
            </line>
            <line number="446" hits="1" branch="False" />
            <line number="447" hits="1" branch="False" />
            <line number="448" hits="1" branch="False" />
            <line number="450" hits="1" branch="False" />
            <line number="451" hits="1" branch="False" />
            <line number="163" hits="0" branch="False" />
            <line number="167" hits="0" branch="False" />
            <line number="168" hits="0" branch="False" />
            <line number="169" hits="0" branch="True" condition-coverage="0% (0/2)">
              <conditions>
                <condition number="40" type="jump" coverage="0%" />
              </conditions>
            </line>
            <line number="171" hits="0" branch="False" />
            <line number="172" hits="0" branch="False" />
            <line number="177" hits="0" branch="False" />
            <line number="179" hits="0" branch="False" />
            <line number="182" hits="0" branch="False" />
            <line number="183" hits="0" branch="False" />
            <line number="184" hits="0" branch="True" condition-coverage="0% (0/2)">
              <conditions>
                <condition number="44" type="jump" coverage="0%" />
              </conditions>
            </line>
            <line number="186" hits="0" branch="False" />
            <line number="187" hits="0" branch="False" />
            <line number="33" hits="39" branch="False" />
            <line number="52" hits="5" branch="False" />
            <line number="53" hits="5" branch="False" />
            <line number="54" hits="5" branch="False" />
            <line number="55" hits="5" branch="False" />
            <line number="56" hits="5" branch="False" />
            <line number="57" hits="5" branch="False" />
            <line number="68" hits="18" branch="False" />
            <line number="69" hits="18" branch="False" />
            <line number="70" hits="18" branch="True" condition-coverage="100% (2/2)">
              <conditions>
                <condition number="20" type="jump" coverage="100%" />
              </conditions>
            </line>
            <line number="71" hits="18" branch="False" />
            <line number="72" hits="18" branch="False" />
            <line number="74" hits="18" branch="False" />
            <line number="77" hits="18" branch="False" />
            <line number="80" hits="98" branch="True" condition-coverage="100% (2/2)">
              <conditions>
                <condition number="98" type="jump" coverage="100%" />
              </conditions>
            </line>
            <line number="81" hits="31" branch="False" />
            <line number="82" hits="31" branch="False" />
            <line number="84" hits="31" branch="False" />
            <line number="85" hits="31" branch="False" />
            <line number="86" hits="31" branch="False" />
            <line number="88" hits="18" branch="False" />
            <line number="90" hits="18" branch="True" condition-coverage="100% (2/2)">
              <conditions>
                <condition number="117" type="jump" coverage="100%" />
              </conditions>
            </line>
            <line number="91" hits="16" branch="False" />
            <line number="92" hits="16" branch="False" />
            <line number="93" hits="16" branch="False" />
            <line number="94" hits="18" branch="False" />
            <line number="112" hits="16" branch="False" />
            <line number="113" hits="16" branch="False" />
            <line number="114" hits="16" branch="False" />
            <line number="116" hits="16" branch="True" condition-coverage="50% (1/2)">
              <conditions>
                <condition number="30" type="jump" coverage="50%" />
              </conditions>
            </line>
            <line number="117" hits="16" branch="False" />
            <line number="118" hits="16" branch="False" />
            <line number="120" hits="16" branch="False" />
            <line number="122" hits="16" branch="False" />
            <line number="124" hits="266" branch="True" condition-coverage="100% (2/2)">
              <conditions>
                <condition number="201" type="jump" coverage="100%" />
              </conditions>
            </line>
            <line number="125" hits="119" branch="False" />
            <line number="126" hits="119" branch="False" />
            <line number="128" hits="119" branch="True" condition-coverage="50% (1/2)">
              <conditions>
                <condition number="85" type="jump" coverage="50%" />
              </conditions>
            </line>
            <line number="129" hits="0" branch="False" />
            <line number="130" hits="0" branch="False" />
            <line number="131" hits="0" branch="False" />
            <line number="132" hits="0" branch="False" />
            <line number="133" hits="0" branch="False" />
            <line number="136" hits="119" branch="True" condition-coverage="50% (1/2)">
              <conditions>
                <condition number="122" type="jump" coverage="50%" />
              </conditions>
            </line>
            <line number="137" hits="0" branch="False" />
            <line number="138" hits="0" branch="False" />
            <line number="139" hits="0" branch="False" />
            <line number="141" hits="119" branch="True" condition-coverage="75% (3/4)">
              <conditions>
                <condition number="135" type="jump" coverage="100%" />
                <condition number="156" type="jump" coverage="50%" />
              </conditions>
            </line>
            <line number="142" hits="0" branch="False" />
            <line number="143" hits="0" branch="False" />
            <line number="144" hits="0" branch="False" />
            <line number="146" hits="119" branch="False" />
            <line number="147" hits="117" branch="False" />
            <line number="149" hits="117" branch="False" />
            <line number="151" hits="14" branch="False" />
            <line number="153" hits="14" branch="True" condition-coverage="100% (2/2)">
              <conditions>
                <condition number="224" type="jump" coverage="100%" />
              </conditions>
            </line>
            <line number="154" hits="12" branch="False" />
            <line number="155" hits="12" branch="False" />
            <line number="156" hits="12" branch="False" />
            <line number="189" hits="14" branch="False" />
          </lines>
        </class>
        <class name="FolkerKinzel.CsvTools.CsvRecord/&lt;GetEnumerator&gt;d__32" filename="CsvRecord.cs" line-rate="1" branch-rate="1" complexity="2">
          <methods>
            <method name="MoveNext" signature="()" line-rate="1" branch-rate="1" complexity="2">
              <lines>
                <line number="420" hits="7" branch="False" />
                <line number="422" hits="224" branch="True" condition-coverage="100% (2/2)">
                  <conditions>
                    <condition number="151" type="jump" coverage="100%" />
                  </conditions>
                </line>
                <line number="423" hits="105" branch="False" />
                <line number="424" hits="105" branch="False" />
                <line number="425" hits="105" branch="False" />
                <line number="427" hits="7" branch="False" />
              </lines>
            </method>
          </methods>
          <lines>
            <line number="420" hits="7" branch="False" />
            <line number="422" hits="224" branch="True" condition-coverage="100% (2/2)">
              <conditions>
                <condition number="151" type="jump" coverage="100%" />
              </conditions>
            </line>
            <line number="423" hits="105" branch="False" />
            <line number="424" hits="105" branch="False" />
            <line number="425" hits="105" branch="False" />
            <line number="427" hits="7" branch="False" />
          </lines>
        </class>
        <class name="FolkerKinzel.CsvTools.CsvWriter" filename="CsvWriter.cs" line-rate="0.9345" branch-rate="0.9" complexity="35">
          <methods>
            <method name="WriteRecord" signature="()" line-rate="1" branch-rate="1" complexity="10">
              <lines>
                <line number="204" hits="5" branch="False" />
                <line number="209" hits="5" branch="False" />
                <line number="211" hits="5" branch="True" condition-coverage="100% (2/2)">
                  <conditions>
                    <condition number="24" type="jump" coverage="100%" />
                  </conditions>
                </line>
                <line number="212" hits="1" branch="False" />
                <line number="213" hits="1" branch="False" />
                <line number="215" hits="4" branch="True" condition-coverage="100% (2/2)">
                  <conditions>
                    <condition number="96" type="jump" coverage="100%" />
                  </conditions>
                </line>
                <line number="216" hits="1" branch="False" />
                <line number="217" hits="1" branch="False" />
                <line number="218" hits="1" branch="False" />
                <line number="219" hits="1" branch="False" />
                <line number="221" hits="1" branch="False" />
                <line number="222" hits="1" branch="False" />
                <line number="224" hits="1" branch="False" />
                <line number="225" hits="1" branch="False" />
                <line number="227" hits="18" branch="True" condition-coverage="100% (2/2)">
                  <conditions>
                    <condition number="228" type="jump" coverage="100%" />
                  </conditions>
                </line>
                <line number="228" hits="5" branch="False" />
                <line number="229" hits="5" branch="True" condition-coverage="100% (2/2)">
                  <conditions>
                    <condition number="164" type="jump" coverage="100%" />
                  </conditions>
                </line>
                <line number="230" hits="4" branch="False" />
                <line number="231" hits="4" branch="False" />
                <line number="233" hits="4" branch="False" />
                <line number="234" hits="4" branch="False" />
                <line number="236" hits="5" branch="False" />
                <line number="237" hits="4" branch="False" />
                <line number="239" hits="4" branch="True" condition-coverage="100% (2/2)">
                  <conditions>
                    <condition number="253" type="jump" coverage="100%" />
                  </conditions>
                </line>
                <line number="240" hits="2" branch="False" />
                <line number="241" hits="2" branch="False" />
                <line number="243" hits="2" branch="False" />
                <line number="244" hits="2" branch="False" />
                <line number="245" hits="4" branch="False" />
                <line number="300" hits="4" branch="False" />
              </lines>
            </method>
            <method name="Dispose" signature="()" line-rate="1" branch-rate="1" complexity="1">
              <lines>
                <line number="306" hits="8" branch="False" />
              </lines>
            </method>
            <method name="&lt;WriteRecord&gt;g__WriteField|14_0" signature="(System.String)" line-rate="0.9062" branch-rate="0.9" complexity="10">
              <lines>
                <line number="250" hits="8" branch="False" />
                <line number="251" hits="8" branch="True" condition-coverage="50% (1/2)">
                  <conditions>
                    <condition number="9" type="jump" coverage="50%" />
                  </conditions>
                </line>
                <line number="252" hits="0" branch="False" />
                <line number="253" hits="0" branch="False" />
                <line number="254" hits="0" branch="False" />
                <line number="256" hits="8" branch="False" />
                <line number="258" hits="8" branch="True" condition-coverage="100% (2/2)">
                  <conditions>
                    <condition number="32" type="jump" coverage="100%" />
                  </conditions>
                </line>
                <line number="259" hits="2" branch="False" />
                <line number="260" hits="2" branch="False" />
                <line number="262" hits="140" branch="True" condition-coverage="100% (2/2)">
                  <conditions>
                    <condition number="196" type="jump" coverage="100%" />
                  </conditions>
                </line>
                <line number="263" hits="68" branch="False" />
                <line number="264" hits="68" branch="False" />
                <line number="266" hits="68" branch="True" condition-coverage="100% (2/2)">
                  <conditions>
                    <condition number="85" type="jump" coverage="100%" />
                  </conditions>
                </line>
                <line number="267" hits="4" branch="False" />
                <line number="268" hits="4" branch="False" />
                <line number="269" hits="4" branch="False" />
                <line number="270" hits="4" branch="False" />
                <line number="271" hits="64" branch="True" condition-coverage="100% (2/2)">
                  <conditions>
                    <condition number="128" type="jump" coverage="100%" />
                  </conditions>
                </line>
                <line number="272" hits="4" branch="False" />
                <line number="273" hits="4" branch="False" />
                <line number="274" hits="4" branch="False" />
                <line number="275" hits="4" branch="False" />
                <line number="277" hits="60" branch="False" />
                <line number="278" hits="60" branch="False" />
                <line number="279" hits="60" branch="False" />
                <line number="280" hits="68" branch="False" />
                <line number="282" hits="2" branch="False" />
                <line number="283" hits="2" branch="False" />
                <line number="285" hits="6" branch="False" />
                <line number="286" hits="6" branch="False" />
                <line number="287" hits="6" branch="False" />
                <line number="288" hits="8" branch="False" />
              </lines>
            </method>
            <method name="&lt;WriteRecord&gt;g__NeedsToBeQuoted|14_1" signature="(System.String)" line-rate="1" branch-rate="1" complexity="4">
              <lines>
                <line number="295" hits="8" branch="True" condition-coverage="100% (4/4)">
                  <conditions>
                    <condition number="13" type="jump" coverage="100%" />
                    <condition number="24" type="jump" coverage="100%" />
                  </conditions>
                </line>
                <line number="296" hits="8" branch="False" />
                <line number="297" hits="8" branch="False" />
              </lines>
            </method>
            <method name=".ctor" signature="(System.String,System.String[],FolkerKinzel.CsvTools.CsvOptions,System.Text.Encoding,System.Char)" line-rate="1" branch-rate="1" complexity="1">
              <lines>
                <line number="64" hits="7" branch="False" />
              </lines>
            </method>
            <method name=".ctor" signature="(System.String,System.Int32,FolkerKinzel.CsvTools.CsvOptions,System.Text.Encoding,System.Char)" line-rate="1" branch-rate="1" complexity="1">
              <lines>
                <line number="81" hits="10" branch="False" />
              </lines>
            </method>
            <method name=".ctor" signature="(System.IO.TextWriter,System.String[],FolkerKinzel.CsvTools.CsvOptions,System.Char)" line-rate="0.8181" branch-rate="0.75" complexity="4">
              <lines>
                <line number="99" hits="3" branch="False" />
                <line number="100" hits="2" branch="False" />
                <line number="101" hits="2" branch="True" condition-coverage="100% (2/2)">
                  <conditions>
                    <condition number="18" type="jump" coverage="100%" />
                  </conditions>
                </line>
                <line number="102" hits="1" branch="False" />
                <line number="103" hits="1" branch="False" />
                <line number="106" hits="1" branch="True" condition-coverage="50% (1/2)">
                  <conditions>
                    <condition number="38" type="jump" coverage="50%" />
                  </conditions>
                </line>
                <line number="107" hits="0" branch="False" />
                <line number="108" hits="0" branch="False" />
                <line number="111" hits="1" branch="False" />
                <line number="112" hits="1" branch="False" />
                <line number="113" hits="1" branch="False" />
              </lines>
            </method>
            <method name=".ctor" signature="(System.IO.TextWriter,System.Int32,FolkerKinzel.CsvTools.CsvOptions,System.Char)" line-rate="0.75" branch-rate="0.5" complexity="2">
              <lines>
                <line number="126" hits="1" branch="False" />
                <line number="127" hits="1" branch="False" />
                <line number="128" hits="1" branch="True" condition-coverage="50% (1/2)">
                  <conditions>
                    <condition number="18" type="jump" coverage="50%" />
                  </conditions>
                </line>
                <line number="129" hits="0" branch="False" />
                <line number="130" hits="0" branch="False" />
                <line number="133" hits="1" branch="False" />
                <line number="134" hits="1" branch="False" />
                <line number="135" hits="1" branch="False" />
              </lines>
            </method>
            <method name=".ctor" signature="(System.String[],System.Char,FolkerKinzel.CsvTools.CsvOptions)" line-rate="1" branch-rate="1" complexity="1">
              <lines>
                <line number="151" hits="7" branch="False" />
                <line number="153" hits="7" branch="False" />
                <line number="154" hits="7" branch="False" />
                <line number="155" hits="7" branch="False" />
                <line number="156" hits="7" branch="False" />
                <line number="157" hits="7" branch="False" />
                <line number="158" hits="7" branch="False" />
                <line number="159" hits="7" branch="False" />
                <line number="160" hits="7" branch="False" />
                <line number="161" hits="5" branch="False" />
              </lines>
            </method>
            <method name=".ctor" signature="(System.Int32,System.Char,FolkerKinzel.CsvTools.CsvOptions)" line-rate="1" branch-rate="1" complexity="1">
              <lines>
                <line number="172" hits="6" branch="False" />
                <line number="174" hits="6" branch="False" />
                <line number="175" hits="6" branch="False" />
                <line number="176" hits="6" branch="False" />
                <line number="177" hits="6" branch="False" />
                <line number="178" hits="6" branch="False" />
                <line number="179" hits="6" branch="False" />
                <line number="180" hits="6" branch="False" />
                <line number="181" hits="6" branch="False" />
                <line number="183" hits="6" branch="False" />
              </lines>
            </method>
          </methods>
          <lines>
            <line number="204" hits="5" branch="False" />
            <line number="209" hits="5" branch="False" />
            <line number="211" hits="5" branch="True" condition-coverage="100% (2/2)">
              <conditions>
                <condition number="24" type="jump" coverage="100%" />
              </conditions>
            </line>
            <line number="212" hits="1" branch="False" />
            <line number="213" hits="1" branch="False" />
            <line number="215" hits="4" branch="True" condition-coverage="100% (2/2)">
              <conditions>
                <condition number="96" type="jump" coverage="100%" />
              </conditions>
            </line>
            <line number="216" hits="1" branch="False" />
            <line number="217" hits="1" branch="False" />
            <line number="218" hits="1" branch="False" />
            <line number="219" hits="1" branch="False" />
            <line number="221" hits="1" branch="False" />
            <line number="222" hits="1" branch="False" />
            <line number="224" hits="1" branch="False" />
            <line number="225" hits="1" branch="False" />
            <line number="227" hits="18" branch="True" condition-coverage="100% (2/2)">
              <conditions>
                <condition number="228" type="jump" coverage="100%" />
              </conditions>
            </line>
            <line number="228" hits="5" branch="False" />
            <line number="229" hits="5" branch="True" condition-coverage="100% (2/2)">
              <conditions>
                <condition number="164" type="jump" coverage="100%" />
              </conditions>
            </line>
            <line number="230" hits="4" branch="False" />
            <line number="231" hits="4" branch="False" />
            <line number="233" hits="4" branch="False" />
            <line number="234" hits="4" branch="False" />
            <line number="236" hits="5" branch="False" />
            <line number="237" hits="4" branch="False" />
            <line number="239" hits="4" branch="True" condition-coverage="100% (2/2)">
              <conditions>
                <condition number="253" type="jump" coverage="100%" />
              </conditions>
            </line>
            <line number="240" hits="2" branch="False" />
            <line number="241" hits="2" branch="False" />
            <line number="243" hits="2" branch="False" />
            <line number="244" hits="2" branch="False" />
            <line number="245" hits="4" branch="False" />
            <line number="300" hits="4" branch="False" />
            <line number="306" hits="8" branch="False" />
            <line number="250" hits="8" branch="False" />
            <line number="251" hits="8" branch="True" condition-coverage="50% (1/2)">
              <conditions>
                <condition number="9" type="jump" coverage="50%" />
              </conditions>
            </line>
            <line number="252" hits="0" branch="False" />
            <line number="253" hits="0" branch="False" />
            <line number="254" hits="0" branch="False" />
            <line number="256" hits="8" branch="False" />
            <line number="258" hits="8" branch="True" condition-coverage="100% (2/2)">
              <conditions>
                <condition number="32" type="jump" coverage="100%" />
              </conditions>
            </line>
            <line number="259" hits="2" branch="False" />
            <line number="260" hits="2" branch="False" />
            <line number="262" hits="140" branch="True" condition-coverage="100% (2/2)">
              <conditions>
                <condition number="196" type="jump" coverage="100%" />
              </conditions>
            </line>
            <line number="263" hits="68" branch="False" />
            <line number="264" hits="68" branch="False" />
            <line number="266" hits="68" branch="True" condition-coverage="100% (2/2)">
              <conditions>
                <condition number="85" type="jump" coverage="100%" />
              </conditions>
            </line>
            <line number="267" hits="4" branch="False" />
            <line number="268" hits="4" branch="False" />
            <line number="269" hits="4" branch="False" />
            <line number="270" hits="4" branch="False" />
            <line number="271" hits="64" branch="True" condition-coverage="100% (2/2)">
              <conditions>
                <condition number="128" type="jump" coverage="100%" />
              </conditions>
            </line>
            <line number="272" hits="4" branch="False" />
            <line number="273" hits="4" branch="False" />
            <line number="274" hits="4" branch="False" />
            <line number="275" hits="4" branch="False" />
            <line number="277" hits="60" branch="False" />
            <line number="278" hits="60" branch="False" />
            <line number="279" hits="60" branch="False" />
            <line number="280" hits="68" branch="False" />
            <line number="282" hits="2" branch="False" />
            <line number="283" hits="2" branch="False" />
            <line number="285" hits="6" branch="False" />
            <line number="286" hits="6" branch="False" />
            <line number="287" hits="6" branch="False" />
            <line number="288" hits="8" branch="False" />
            <line number="295" hits="8" branch="True" condition-coverage="100% (4/4)">
              <conditions>
                <condition number="13" type="jump" coverage="100%" />
                <condition number="24" type="jump" coverage="100%" />
              </conditions>
            </line>
            <line number="296" hits="8" branch="False" />
            <line number="297" hits="8" branch="False" />
            <line number="64" hits="7" branch="False" />
            <line number="81" hits="10" branch="False" />
            <line number="99" hits="3" branch="False" />
            <line number="100" hits="2" branch="False" />
            <line number="101" hits="2" branch="True" condition-coverage="100% (2/2)">
              <conditions>
                <condition number="18" type="jump" coverage="100%" />
              </conditions>
            </line>
            <line number="102" hits="1" branch="False" />
            <line number="103" hits="1" branch="False" />
            <line number="106" hits="1" branch="True" condition-coverage="50% (1/2)">
              <conditions>
                <condition number="38" type="jump" coverage="50%" />
              </conditions>
            </line>
            <line number="107" hits="0" branch="False" />
            <line number="108" hits="0" branch="False" />
            <line number="111" hits="1" branch="False" />
            <line number="112" hits="1" branch="False" />
            <line number="113" hits="1" branch="False" />
            <line number="126" hits="1" branch="False" />
            <line number="127" hits="1" branch="False" />
            <line number="128" hits="1" branch="True" condition-coverage="50% (1/2)">
              <conditions>
                <condition number="18" type="jump" coverage="50%" />
              </conditions>
            </line>
            <line number="129" hits="0" branch="False" />
            <line number="130" hits="0" branch="False" />
            <line number="133" hits="1" branch="False" />
            <line number="134" hits="1" branch="False" />
            <line number="135" hits="1" branch="False" />
            <line number="151" hits="7" branch="False" />
            <line number="153" hits="7" branch="False" />
            <line number="154" hits="7" branch="False" />
            <line number="155" hits="7" branch="False" />
            <line number="156" hits="7" branch="False" />
            <line number="157" hits="7" branch="False" />
            <line number="158" hits="7" branch="False" />
            <line number="159" hits="7" branch="False" />
            <line number="160" hits="7" branch="False" />
            <line number="161" hits="5" branch="False" />
            <line number="172" hits="6" branch="False" />
            <line number="174" hits="6" branch="False" />
            <line number="175" hits="6" branch="False" />
            <line number="176" hits="6" branch="False" />
            <line number="177" hits="6" branch="False" />
            <line number="178" hits="6" branch="False" />
            <line number="179" hits="6" branch="False" />
            <line number="180" hits="6" branch="False" />
            <line number="181" hits="6" branch="False" />
            <line number="183" hits="6" branch="False" />
          </lines>
        </class>
        <class name="FolkerKinzel.CsvTools.InvalidCsvException" filename="Exceptions\InvalidCsvException.cs" line-rate="1" branch-rate="1" complexity="7">
          <methods>
            <method name="GetObjectData" signature="(System.Runtime.Serialization.SerializationInfo,System.Runtime.Serialization.StreamingContext)" line-rate="1" branch-rate="1" complexity="1">
              <lines>
                <line number="67" hits="1" branch="False" />
                <line number="68" hits="1" branch="False" />
                <line number="70" hits="1" branch="False" />
                <line number="71" hits="1" branch="False" />
                <line number="72" hits="1" branch="False" />
              </lines>
            </method>
            <method name="ToString" signature="()" line-rate="1" branch-rate="1" complexity="1">
              <lines>
                <line number="78" hits="1" branch="False" />
              </lines>
            </method>
            <method name=".ctor" signature="()" line-rate="1" branch-rate="1" complexity="1">
              <lines>
                <line number="16" hits="7" branch="False" />
                <line number="26" hits="1" branch="False" />
                <line number="27" hits="1" branch="False" />
                <line number="28" hits="1" branch="False" />
              </lines>
            </method>
            <method name=".ctor" signature="(System.String)" line-rate="1" branch-rate="1" complexity="1">
              <lines>
                <line number="33" hits="1" branch="False" />
                <line number="34" hits="1" branch="False" />
                <line number="35" hits="1" branch="False" />
              </lines>
            </method>
            <method name=".ctor" signature="(System.String,System.Int32,System.Int32)" line-rate="1" branch-rate="1" complexity="1">
              <lines>
                <line number="42" hits="3" branch="False" />
                <line number="44" hits="3" branch="False" />
                <line number="45" hits="3" branch="False" />
                <line number="46" hits="3" branch="False" />
                <line number="47" hits="3" branch="False" />
              </lines>
            </method>
            <method name=".ctor" signature="(System.String,System.Exception)" line-rate="1" branch-rate="1" complexity="1">
              <lines>
                <line number="52" hits="3" branch="False" />
              </lines>
            </method>
[...]
              <conditions>
                <condition number="85" type="jump" coverage="0%" />
              </conditions>
            </line>
            <line number="199" hits="0" branch="False" />
            <line number="200" hits="0" branch="False" />
            <line number="201" hits="19" branch="False" />
            <line number="202" hits="19" branch="False" />
            <line number="203" hits="0" branch="False" />
            <line number="204" hits="19" branch="False" />
            <line number="205" hits="21" branch="False" />
            <line number="206" hits="19" branch="False" />
            <line number="207" hits="35" branch="False" />
            <line number="208" hits="67" branch="False" />
          </lines>
        </class>
        <class name="FolkerKinzel.CsvTools.Helpers.Converters.Intls.NumberConverter`1" filename="Helpers\Converters\Intls\NumberConverter_T.cs" line-rate="0.8375" branch-rate="0.7726999999999999" complexity="24">
          <methods>
            <method name="Parse" signature="(System.String)" line-rate="1" branch-rate="1" complexity="1">
              <lines>
                <line number="142" hits="30" branch="False" />
              </lines>
            </method>
            <method name="ConvertToString" signature="(System.Object)" line-rate="1" branch-rate="1" complexity="1">
              <lines>
                <line number="154" hits="18" branch="False" />
              </lines>
            </method>
            <method name=".ctor" signature="(System.Boolean,System.Boolean,System.IFormatProvider,System.Boolean)" line-rate="0.8332999999999999" branch-rate="0.7726999999999999" complexity="22">
              <lines>
                <line number="29" hits="119" branch="False" />
                <line number="30" hits="119" branch="False" />
                <line number="31" hits="119" branch="False" />
                <line number="32" hits="119" branch="False" />
                <line number="33" hits="119" branch="False" />
                <line number="34" hits="119" branch="False" />
                <line number="35" hits="119" branch="True" condition-coverage="100% (2/2)">
                  <conditions>
                    <condition number="45" type="jump" coverage="100%" />
                  </conditions>
                </line>
                <line number="36" hits="119" branch="True" condition-coverage="100% (4/4)">
                  <conditions>
                    <condition number="81" type="jump" coverage="100%" />
                    <condition number="84" type="jump" coverage="100%" />
                  </conditions>
                </line>
                <line number="38" hits="119" branch="True" condition-coverage="100% (2/2)">
                  <conditions>
                    <condition number="134" type="jump" coverage="100%" />
                  </conditions>
                </line>
                <line number="39" hits="119" branch="False" />
                <line number="41" hits="119" branch="True" condition-coverage="100% (2/2)">
                  <conditions>
                    <condition number="161" type="jump" coverage="100%" />
                  </conditions>
                </line>
                <line number="42" hits="119" branch="False" />
                <line number="43" hits="119" branch="False" />
                <line number="44" hits="119" branch="False" />
                <line number="45" hits="4" branch="False" />
                <line number="46" hits="4" branch="True" condition-coverage="50% (2/4)">
                  <conditions>
                    <condition number="2" type="jump" coverage="50%" />
                    <condition number="22" type="jump" coverage="50%" />
                  </conditions>
                </line>
                <line number="47" hits="0" branch="False" />
                <line number="48" hits="0" branch="False" />
                <line number="49" hits="119" branch="False" />
                <line number="50" hits="119" branch="False" />
                <line number="51" hits="119" branch="False" />
                <line number="52" hits="4" branch="False" />
                <line number="53" hits="119" branch="False" />
                <line number="54" hits="4" branch="False" />
                <line number="55" hits="119" branch="False" />
                <line number="56" hits="0" branch="False" />
                <line number="57" hits="0" branch="False" />
                <line number="58" hits="0" branch="False" />
                <line number="59" hits="119" branch="False" />
                <line number="60" hits="4" branch="False" />
                <line number="61" hits="119" branch="False" />
                <line number="62" hits="119" branch="False" />
                <line number="63" hits="119" branch="False" />
                <line number="64" hits="119" branch="False" />
                <line number="65" hits="14" branch="False" />
                <line number="66" hits="14" branch="True" condition-coverage="50% (1/2)">
                  <conditions>
                    <condition number="7" type="jump" coverage="50%" />
                  </conditions>
                </line>
                <line number="67" hits="0" branch="False" />
                <line number="68" hits="0" branch="False" />
                <line number="69" hits="119" branch="False" />
                <line number="70" hits="119" branch="False" />
                <line number="71" hits="14" branch="True" condition-coverage="50% (1/2)">
                  <conditions>
                    <condition number="36" type="jump" coverage="50%" />
                  </conditions>
                </line>
                <line number="72" hits="0" branch="False" />
                <line number="73" hits="0" branch="False" />
                <line number="74" hits="119" branch="False" />
                <line number="75" hits="119" branch="False" />
                <line number="76" hits="119" branch="False" />
                <line number="77" hits="14" branch="False" />
                <line number="78" hits="14" branch="False" />
                <line number="79" hits="119" branch="False" />
                <line number="80" hits="0" branch="False" />
                <line number="81" hits="0" branch="False" />
                <line number="82" hits="0" branch="False" />
                <line number="83" hits="119" branch="False" />
                <line number="84" hits="14" branch="False" />
                <line number="85" hits="119" branch="False" />
                <line number="87" hits="119" branch="False" />
                <line number="88" hits="119" branch="False" />
                <line number="89" hits="30" branch="False" />
                <line number="90" hits="30" branch="True" condition-coverage="100% (2/2)">
                  <conditions>
                    <condition number="7" type="jump" coverage="100%" />
                  </conditions>
                </line>
                <line number="91" hits="3" branch="False" />
                <line number="92" hits="3" branch="False" />
                <line number="93" hits="119" branch="False" />
                <line number="94" hits="119" branch="False" />
                <line number="95" hits="119" branch="False" />
                <line number="96" hits="27" branch="False" />
                <line number="97" hits="27" branch="False" />
                <line number="98" hits="119" branch="False" />
                <line number="99" hits="1" branch="False" />
                <line number="100" hits="1" branch="False" />
                <line number="101" hits="1" branch="True" condition-coverage="50% (1/2)">
                  <conditions>
                    <condition number="61" type="jump" coverage="50%" />
                  </conditions>
                </line>
                <line number="102" hits="1" branch="False" />
                <line number="103" hits="1" branch="False" />
                <line number="104" hits="119" branch="False" />
                <line number="105" hits="119" branch="False" />
                <line number="106" hits="0" branch="False" />
                <line number="107" hits="119" branch="False" />
                <line number="108" hits="148" branch="False" />
                <line number="109" hits="119" branch="False" />
              </lines>
            </method>
          </methods>
          <lines>
            <line number="142" hits="30" branch="False" />
            <line number="154" hits="18" branch="False" />
            <line number="29" hits="119" branch="False" />
            <line number="30" hits="119" branch="False" />
            <line number="31" hits="119" branch="False" />
            <line number="32" hits="119" branch="False" />
            <line number="33" hits="119" branch="False" />
            <line number="34" hits="119" branch="False" />
            <line number="35" hits="119" branch="True" condition-coverage="100% (2/2)">
              <conditions>
                <condition number="45" type="jump" coverage="100%" />
              </conditions>
            </line>
            <line number="36" hits="119" branch="True" condition-coverage="100% (4/4)">
              <conditions>
                <condition number="81" type="jump" coverage="100%" />
                <condition number="84" type="jump" coverage="100%" />
              </conditions>
            </line>
            <line number="38" hits="119" branch="True" condition-coverage="100% (2/2)">
              <conditions>
                <condition number="134" type="jump" coverage="100%" />
              </conditions>
            </line>
            <line number="39" hits="119" branch="False" />
            <line number="41" hits="119" branch="True" condition-coverage="100% (2/2)">
              <conditions>
                <condition number="161" type="jump" coverage="100%" />
              </conditions>
            </line>
            <line number="42" hits="119" branch="False" />
            <line number="43" hits="119" branch="False" />
            <line number="44" hits="119" branch="False" />
            <line number="45" hits="4" branch="False" />
            <line number="46" hits="4" branch="True" condition-coverage="50% (2/4)">
              <conditions>
                <condition number="2" type="jump" coverage="50%" />
                <condition number="22" type="jump" coverage="50%" />
              </conditions>
            </line>
            <line number="47" hits="0" branch="False" />
            <line number="48" hits="0" branch="False" />
            <line number="49" hits="119" branch="False" />
            <line number="50" hits="119" branch="False" />
            <line number="51" hits="119" branch="False" />
            <line number="52" hits="4" branch="False" />
            <line number="53" hits="119" branch="False" />
            <line number="54" hits="4" branch="False" />
            <line number="55" hits="119" branch="False" />
            <line number="56" hits="0" branch="False" />
            <line number="57" hits="0" branch="False" />
            <line number="58" hits="0" branch="False" />
            <line number="59" hits="119" branch="False" />
            <line number="60" hits="4" branch="False" />
            <line number="61" hits="119" branch="False" />
            <line number="62" hits="119" branch="False" />
            <line number="63" hits="119" branch="False" />
            <line number="64" hits="119" branch="False" />
            <line number="65" hits="14" branch="False" />
            <line number="66" hits="14" branch="True" condition-coverage="50% (1/2)">
              <conditions>
                <condition number="7" type="jump" coverage="50%" />
              </conditions>
            </line>
            <line number="67" hits="0" branch="False" />
            <line number="68" hits="0" branch="False" />
            <line number="69" hits="119" branch="False" />
            <line number="70" hits="119" branch="False" />
            <line number="71" hits="14" branch="True" condition-coverage="50% (1/2)">
              <conditions>
                <condition number="36" type="jump" coverage="50%" />
              </conditions>
            </line>
            <line number="72" hits="0" branch="False" />
            <line number="73" hits="0" branch="False" />
            <line number="74" hits="119" branch="False" />
            <line number="75" hits="119" branch="False" />
            <line number="76" hits="119" branch="False" />
            <line number="77" hits="14" branch="False" />
            <line number="78" hits="14" branch="False" />
            <line number="79" hits="119" branch="False" />
            <line number="80" hits="0" branch="False" />
            <line number="81" hits="0" branch="False" />
            <line number="82" hits="0" branch="False" />
            <line number="83" hits="119" branch="False" />
            <line number="84" hits="14" branch="False" />
            <line number="85" hits="119" branch="False" />
            <line number="87" hits="119" branch="False" />
            <line number="88" hits="119" branch="False" />
            <line number="89" hits="30" branch="False" />
            <line number="90" hits="30" branch="True" condition-coverage="100% (2/2)">
              <conditions>
                <condition number="7" type="jump" coverage="100%" />
              </conditions>
            </line>
            <line number="91" hits="3" branch="False" />
            <line number="92" hits="3" branch="False" />
            <line number="93" hits="119" branch="False" />
            <line number="94" hits="119" branch="False" />
            <line number="95" hits="119" branch="False" />
            <line number="96" hits="27" branch="False" />
            <line number="97" hits="27" branch="False" />
            <line number="98" hits="119" branch="False" />
            <line number="99" hits="1" branch="False" />
            <line number="100" hits="1" branch="False" />
            <line number="101" hits="1" branch="True" condition-coverage="50% (1/2)">
              <conditions>
                <condition number="61" type="jump" coverage="50%" />
              </conditions>
            </line>
            <line number="102" hits="1" branch="False" />
            <line number="103" hits="1" branch="False" />
            <line number="104" hits="119" branch="False" />
            <line number="105" hits="119" branch="False" />
            <line number="106" hits="0" branch="False" />
            <line number="107" hits="119" branch="False" />
            <line number="108" hits="148" branch="False" />
            <line number="109" hits="119" branch="False" />
          </lines>
        </class>
        <class name="FolkerKinzel.CsvTools.Helpers.Converters.Intls.StringConverter" filename="Helpers\Converters\Intls\StringConverter.cs" line-rate="1" branch-rate="1" complexity="11">
          <methods>
            <method name="get_Type" signature="()" line-rate="1" branch-rate="1" complexity="1">
              <lines>
                <line number="38" hits="9" branch="False" />
              </lines>
            </method>
            <method name="Parse" signature="(System.String)" line-rate="1" branch-rate="1" complexity="2">
              <lines>
                <line number="52" hits="3" branch="True" condition-coverage="100% (2/2)">
                  <conditions>
                    <condition number="1" type="jump" coverage="100%" />
                  </conditions>
                </line>
              </lines>
            </method>
            <method name="ConvertToString" signature="(System.Object)" line-rate="1" branch-rate="1" complexity="4">
              <lines>
                <line number="61" hits="5" branch="True" condition-coverage="100% (4/4)">
                  <conditions>
                    <condition number="6" type="jump" coverage="100%" />
                    <condition number="19" type="jump" coverage="100%" />
                  </conditions>
                </line>
              </lines>
            </method>
            <method name=".ctor" signature="(System.Boolean,System.Boolean,System.Boolean)" line-rate="1" branch-rate="1" complexity="4">
              <lines>
                <line number="21" hits="59" branch="False" />
                <line number="22" hits="59" branch="False" />
                <line number="23" hits="59" branch="False" />
                <line number="24" hits="59" branch="True" condition-coverage="100% (4/4)">
                  <conditions>
                    <condition number="17" type="jump" coverage="100%" />
                    <condition number="20" type="jump" coverage="100%" />
                  </conditions>
                </line>
                <line number="25" hits="59" branch="False" />
              </lines>
            </method>
          </methods>
          <lines>
            <line number="38" hits="9" branch="False" />
            <line number="52" hits="3" branch="True" condition-coverage="100% (2/2)">
              <conditions>
                <condition number="1" type="jump" coverage="100%" />
              </conditions>
            </line>
            <line number="61" hits="5" branch="True" condition-coverage="100% (4/4)">
              <conditions>
                <condition number="6" type="jump" coverage="100%" />
                <condition number="19" type="jump" coverage="100%" />
              </conditions>
            </line>
            <line number="21" hits="59" branch="False" />
            <line number="22" hits="59" branch="False" />
            <line number="23" hits="59" branch="False" />
            <line number="24" hits="59" branch="True" condition-coverage="100% (4/4)">
              <conditions>
                <condition number="17" type="jump" coverage="100%" />
                <condition number="20" type="jump" coverage="100%" />
              </conditions>
            </line>
            <line number="25" hits="59" branch="False" />
          </lines>
        </class>
        <class name="FolkerKinzel.CsvTools.Extensions.CsvOptionsExtension" filename="Extensions\CsvOptionsExtension.cs" line-rate="1" branch-rate="0.5" complexity="4">
          <methods>
            <method name="Set" signature="(FolkerKinzel.CsvTools.CsvOptions,FolkerKinzel.CsvTools.CsvOptions)" line-rate="1" branch-rate="1" complexity="1">
              <lines>
                <line number="21" hits="5" branch="False" />
              </lines>
            </method>
            <method name="IsSet" signature="(FolkerKinzel.CsvTools.CsvOptions,FolkerKinzel.CsvTools.CsvOptions)" line-rate="1" branch-rate="0.5" complexity="2">
              <lines>
                <line number="39" hits="9" branch="True" condition-coverage="50% (1/2)">
                  <conditions>
                    <condition number="1" type="jump" coverage="50%" />
                  </conditions>
                </line>
              </lines>
            </method>
            <method name="Unset" signature="(FolkerKinzel.CsvTools.CsvOptions,FolkerKinzel.CsvTools.CsvOptions)" line-rate="1" branch-rate="1" complexity="1">
              <lines>
                <line number="53" hits="4" branch="False" />
              </lines>
            </method>
          </methods>
          <lines>
            <line number="21" hits="5" branch="False" />
            <line number="39" hits="9" branch="True" condition-coverage="50% (1/2)">
              <conditions>
                <condition number="1" type="jump" coverage="50%" />
              </conditions>
            </line>
            <line number="53" hits="4" branch="False" />
          </lines>
        </class>
      </classes>
    </package>
  </packages>
</coverage>